backup/app/build/intermediates/manifest_merge_blame_file/release/processReleaseMainManifest/manifest-merger-blame-release-report.txt
1<?xml version="1.0" encoding="utf-8"?>
2<manifest xmlns:android="http://schemas.android.com/apk/res/android"
3    package="com.boattaxie.app"
4    android:versionCode="1"
5    android:versionName="1.0.0" >
6
7    <uses-sdk
8        android:minSdkVersion="26"
9        android:targetSdkVersion="34" />
10
11    <!-- Permissions -->
12    <uses-permission android:name="android.permission.INTERNET" />
12-->src\main\AndroidManifest.xml:6:5-67
12-->src\main\AndroidManifest.xml:6:22-64
13    <uses-permission android:name="android.permission.ACCESS_NETWORK_STATE" />
13-->src\main\AndroidManifest.xml:7:5-79
13-->src\main\AndroidManifest.xml:7:22-76
14    <uses-permission android:name="android.permission.ACCESS_FINE_LOCATION" />
14-->src\main\AndroidManifest.xml:8:5-79
14-->src\main\AndroidManifest.xml:8:22-76
15    <uses-permission android:name="android.permission.ACCESS_COARSE_LOCATION" />
15-->src\main\AndroidManifest.xml:9:5-81
15-->src\main\AndroidManifest.xml:9:22-78
16    <uses-permission android:name="android.permission.ACCESS_BACKGROUND_LOCATION" />
16-->src\main\AndroidManifest.xml:10:5-85
16-->src\main\AndroidManifest.xml:10:22-82
17    <uses-permission android:name="android.permission.CAMERA" />
17-->src\main\AndroidManifest.xml:11:5-65
17-->src\main\AndroidManifest.xml:11:22-62
18    <uses-permission
18-->src\main\AndroidManifest.xml:12:5-13:38
19        android:name="android.permission.READ_EXTERNAL_STORAGE"
19-->src\main\AndroidManifest.xml:12:22-77
20        android:maxSdkVersion="32" />
20-->src\main\AndroidManifest.xml:13:9-35
21    <uses-permission android:name="android.permission.READ_MEDIA_IMAGES" />
21-->src\main\AndroidManifest.xml:14:5-76
21-->src\main\AndroidManifest.xml:14:22-73
22    <uses-permission android:name="android.permission.VIBRATE" />
22-->src\main\AndroidManifest.xml:15:5-66
22-->src\main\AndroidManifest.xml:15:22-63
23    <uses-permission android:name="android.permission.POST_NOTIFICATIONS" />
23-->src\main\AndroidManifest.xml:16:5-77
23-->src\main\AndroidManifest.xml:16:22-74
24    <uses-permission android:name="android.permission.FOREGROUND_SERVICE" />
24-->src\main\AndroidManifest.xml:17:5-77
24-->src\main\AndroidManifest.xml:17:22-74
25    <uses-permission android:name="android.permission.FOREGROUND_SERVICE_LOCATION" />
25-->src\main\AndroidManifest.xml:18:5-86
25-->src\main\AndroidManifest.xml:18:22-83
26
27    <uses-feature
27-->src\main\AndroidManifest.xml:20:5-85
28        android:name="android.hardware.camera"
28-->src\main\AndroidManifest.xml:20:19-57
29        android:required="false" />
29-->src\main\AndroidManifest.xml:20:58-82
30    <uses-feature
30-->src\main\AndroidManifest.xml:21:5-90
31        android:name="android.hardware.location.gps"
31-->src\main\AndroidManifest.xml:21:19-63
32        android:required="true" />
32-->src\main\AndroidManifest.xml:21:64-87
33
34    <uses-permission android:name="android.permission.ACCESS_WIFI_STATE" /> <!-- See https://developer.android.com/training/package-visibility/declaring for more details. -->
34-->[com.google.android.libraries.places:places:3.3.0] AndroidManifest.xml:11:5-76
34-->[com.google.android.libraries.places:places:3.3.0] AndroidManifest.xml:11:22-73
35    <queries>
35-->[com.stripe:payments-core:20.25.0] AndroidManifest.xml:8:5-12:15
36
37        <!-- Added to check if Chrome is installed for browser-based payment authentication (e.g. 3DS1). -->
38        <package android:name="com.android.chrome" />
38-->[com.stripe:payments-core:20.25.0] AndroidManifest.xml:11:9-54
38-->[com.stripe:payments-core:20.25.0] AndroidManifest.xml:11:18-51
39        <!-- Needs to be explicitly declared on Android R+ -->
40        <package android:name="com.google.android.apps.maps" /> <!-- Added to check the default browser that will host the AuthFlow. -->
40-->[com.google.android.gms:play-services-maps:18.2.0] AndroidManifest.xml:33:9-64
40-->[com.google.android.gms:play-services-maps:18.2.0] AndroidManifest.xml:33:18-61
41        <intent>
41-->[com.stripe:financial-connections:20.25.0] AndroidManifest.xml:13:9-17:18
42            <action android:name="android.intent.action.VIEW" />
42-->src\main\AndroidManifest.xml:64:17-69
42-->src\main\AndroidManifest.xml:64:25-66
43
44            <data android:scheme="http" />
44-->src\main\AndroidManifest.xml:67:17-52
44-->src\main\AndroidManifest.xml:67:23-49
45        </intent> <!-- For browser content -->
46        <intent>
46-->[com.google.android.gms:play-services-ads-lite:22.6.0] AndroidManifest.xml:38:9-44:18
47            <action android:name="android.intent.action.VIEW" />
47-->src\main\AndroidManifest.xml:64:17-69
47-->src\main\AndroidManifest.xml:64:25-66
48
49            <category android:name="android.intent.category.BROWSABLE" />
49-->src\main\AndroidManifest.xml:66:17-78
49-->src\main\AndroidManifest.xml:66:27-75
50
51            <data android:scheme="https" />
51-->src\main\AndroidManifest.xml:67:17-52
51-->src\main\AndroidManifest.xml:67:23-49
52        </intent> <!-- End of browser content -->
53        <!-- For CustomTabsService -->
54        <intent>
54-->[com.google.android.gms:play-services-ads-lite:22.6.0] AndroidManifest.xml:47:9-49:18
55            <action android:name="android.support.customtabs.action.CustomTabsService" />
55-->[com.google.android.gms:play-services-ads-lite:22.6.0] AndroidManifest.xml:48:13-90
55-->[com.google.android.gms:play-services-ads-lite:22.6.0] AndroidManifest.xml:48:21-87
56        </intent>
57    </queries>
58
59    <uses-feature
59-->[com.google.android.gms:play-services-maps:18.2.0] AndroidManifest.xml:26:5-28:35
60        android:glEsVersion="0x00020000"
60-->[com.google.android.gms:play-services-maps:18.2.0] AndroidManifest.xml:27:9-41
61        android:required="true" />
61-->[com.google.android.gms:play-services-maps:18.2.0] AndroidManifest.xml:28:9-32
62
63    <uses-permission android:name="android.permission.WAKE_LOCK" /> <!-- Required by older versions of Google Play services to create IID tokens -->
63-->[com.google.firebase:firebase-messaging:23.4.0] AndroidManifest.xml:24:5-68
63-->[com.google.firebase:firebase-messaging:23.4.0] AndroidManifest.xml:24:22-65
64    <uses-permission android:name="com.google.android.c2dm.permission.RECEIVE" />
64-->[com.google.firebase:firebase-messaging:23.4.0] AndroidManifest.xml:26:5-82
64-->[com.google.firebase:firebase-messaging:23.4.0] AndroidManifest.xml:26:22-79
65    <uses-permission android:name="com.google.android.gms.permission.AD_ID" />
65-->[com.google.android.gms:play-services-ads-lite:22.6.0] AndroidManifest.xml:26:5-79
65-->[com.google.android.gms:play-services-ads-lite:22.6.0] AndroidManifest.xml:26:22-76
66    <uses-permission android:name="android.permission.ACCESS_ADSERVICES_AD_ID" />
66-->[com.google.android.gms:play-services-ads-lite:22.6.0] AndroidManifest.xml:27:5-82
66-->[com.google.android.gms:play-services-ads-lite:22.6.0] AndroidManifest.xml:27:22-79
67    <uses-permission android:name="android.permission.ACCESS_ADSERVICES_ATTRIBUTION" />
67-->[com.google.android.gms:play-services-ads-lite:22.6.0] AndroidManifest.xml:28:5-88
67-->[com.google.android.gms:play-services-ads-lite:22.6.0] AndroidManifest.xml:28:22-85
68    <uses-permission android:name="android.permission.ACCESS_ADSERVICES_TOPICS" />
68-->[com.google.android.gms:play-services-ads-lite:22.6.0] AndroidManifest.xml:29:5-83
68-->[com.google.android.gms:play-services-ads-lite:22.6.0] AndroidManifest.xml:29:22-80
69    <uses-permission android:name="com.google.android.finsky.permission.BIND_GET_INSTALL_REFERRER_SERVICE" />
69-->[com.google.android.gms:play-services-measurement:21.5.0] AndroidManifest.xml:26:5-110
69-->[com.google.android.gms:play-services-measurement:21.5.0] AndroidManifest.xml:26:22-107
70
71    <permission
71-->[androidx.core:core:1.12.0] AndroidManifest.xml:22:5-24:47
72        android:name="com.boattaxie.app.DYNAMIC_RECEIVER_NOT_EXPORTED_PERMISSION"
72-->[androidx.core:core:1.12.0] AndroidManifest.xml:23:9-81
73        android:protectionLevel="signature" />
73-->[androidx.core:core:1.12.0] AndroidManifest.xml:24:9-44
74
75    <uses-permission android:name="com.boattaxie.app.DYNAMIC_RECEIVER_NOT_EXPORTED_PERMISSION" />
75-->[androidx.core:core:1.12.0] AndroidManifest.xml:26:5-97
75-->[androidx.core:core:1.12.0] AndroidManifest.xml:26:22-94
76
77    <application
77-->src\main\AndroidManifest.xml:23:5-97:19
78        android:name="com.boattaxie.app.BoatTaxieApplication"
78-->src\main\AndroidManifest.xml:24:9-45
79        android:allowBackup="true"
79-->src\main\AndroidManifest.xml:25:9-35
80        android:appComponentFactory="androidx.core.app.CoreComponentFactory"
80-->[androidx.core:core:1.12.0] AndroidManifest.xml:28:18-86
81        android:dataExtractionRules="@xml/data_extraction_rules"
81-->src\main\AndroidManifest.xml:26:9-65
82        android:extractNativeLibs="false"
83        android:fullBackupContent="@xml/backup_rules"
83-->src\main\AndroidManifest.xml:27:9-54
84        android:icon="@mipmap/ic_launcher"
84-->src\main\AndroidManifest.xml:28:9-43
85        android:label="@string/app_name"
85-->src\main\AndroidManifest.xml:29:9-41
86        android:networkSecurityConfig="@xml/network_security_config"
86-->src\main\AndroidManifest.xml:30:9-69
87        android:roundIcon="@mipmap/ic_launcher_round"
87-->src\main\AndroidManifest.xml:31:9-54
88        android:supportsRtl="true"
88-->src\main\AndroidManifest.xml:32:9-35
89        android:theme="@style/Theme.BoatTaxie"
89-->src\main\AndroidManifest.xml:33:9-47
90        android:usesCleartextTraffic="true" >
90-->src\main\AndroidManifest.xml:34:9-44
91
92        <!-- Fix manifest merger conflict between AdMob and Firebase -->
93        <property
93-->src\main\AndroidManifest.xml:38:9-41:48
94            android:name="android.adservices.AD_SERVICES_CONFIG"
94-->src\main\AndroidManifest.xml:39:13-65
95            android:resource="@xml/gma_ad_services_config" />
95-->src\main\AndroidManifest.xml:40:13-59
96
97        <!-- Google Maps API Key -->
98        <meta-data
99            android:name="com.google.android.geo.API_KEY"
99-->src\main\AndroidManifest.xml:45:13-58
100            android:value="AIzaSyDUTTUXL-5mPV0cxEzq42pqB9UXUEQ2nlk" />
100-->src\main\AndroidManifest.xml:46:13-44
101
102        <!-- AdMob App ID - Using test ID for development -->
103        <meta-data
103-->src\main\AndroidManifest.xml:49:9-51:70
104            android:name="com.google.android.gms.ads.APPLICATION_ID"
104-->src\main\AndroidManifest.xml:50:13-69
105            android:value="ca-app-pub-3940256099942544~3347511713" />
105-->src\main\AndroidManifest.xml:51:13-67
106
107        <activity
107-->src\main\AndroidManifest.xml:53:9-69:20
108            android:name="com.boattaxie.app.ui.MainActivity"
108-->src\main\AndroidManifest.xml:54:13-44
109            android:exported="true"
109-->src\main\AndroidManifest.xml:55:13-36
110            android:label="@string/app_name"
110-->src\main\AndroidManifest.xml:56:13-45
111            android:screenOrientation="portrait"
111-->src\main\AndroidManifest.xml:58:13-49
112            android:theme="@style/Theme.BoatTaxie" >
112-->src\main\AndroidManifest.xml:57:13-51
113            <intent-filter>
113-->src\main\AndroidManifest.xml:59:13-62:29
114                <action android:name="android.intent.action.MAIN" />
114-->src\main\AndroidManifest.xml:60:17-69
114-->src\main\AndroidManifest.xml:60:25-66
115
116                <category android:name="android.intent.category.LAUNCHER" />
116-->src\main\AndroidManifest.xml:61:17-77
116-->src\main\AndroidManifest.xml:61:27-74
117            </intent-filter>
118            <intent-filter>
118-->src\main\AndroidManifest.xml:63:13-68:29
119                <action android:name="android.intent.action.VIEW" />
119-->src\main\AndroidManifest.xml:64:17-69
119-->src\main\AndroidManifest.xml:64:25-66
120
121                <category android:name="android.intent.category.DEFAULT" />
121-->src\main\AndroidManifest.xml:65:17-76
121-->src\main\AndroidManifest.xml:65:27-73
122                <category android:name="android.intent.category.BROWSABLE" />
122-->src\main\AndroidManifest.xml:66:17-78
122-->src\main\AndroidManifest.xml:66:27-75
123
124                <data android:scheme="boattaxie" />
124-->src\main\AndroidManifest.xml:67:17-52
124-->src\main\AndroidManifest.xml:67:23-49
125            </intent-filter>
126        </activity>
127
128        <!-- Location Tracking Service -->
129        <service
129-->src\main\AndroidManifest.xml:72:9-76:56
130            android:name="com.boattaxie.app.service.LocationTrackingService"
130-->src\main\AndroidManifest.xml:73:13-60
131            android:enabled="true"
131-->src\main\AndroidManifest.xml:74:13-35
132            android:exported="false"
132-->src\main\AndroidManifest.xml:75:13-37
133            android:foregroundServiceType="location" />
133-->src\main\AndroidManifest.xml:76:13-53
134
135        <!-- Firebase Messaging Service -->
136        <service
136-->src\main\AndroidManifest.xml:79:9-85:19
137            android:name="com.boattaxie.app.service.BoatTaxieMessagingService"
137-->src\main\AndroidManifest.xml:80:13-62
138            android:exported="false" >
138-->src\main\AndroidManifest.xml:81:13-37
139            <intent-filter>
139-->src\main\AndroidManifest.xml:82:13-84:29
140                <action android:name="com.google.firebase.MESSAGING_EVENT" />
140-->src\main\AndroidManifest.xml:83:17-78
140-->src\main\AndroidManifest.xml:83:25-75
141            </intent-filter>
142        </service>
143
144        <!-- File Provider for Camera -->
145        <provider
146            android:name="androidx.core.content.FileProvider"
146-->src\main\AndroidManifest.xml:89:13-62
147            android:authorities="com.boattaxie.app.fileprovider"
147-->src\main\AndroidManifest.xml:90:13-64
148            android:exported="false"
148-->src\main\AndroidManifest.xml:91:13-37
149            android:grantUriPermissions="true" >
149-->src\main\AndroidManifest.xml:92:13-47
150            <meta-data
150-->src\main\AndroidManifest.xml:93:13-95:54
151                android:name="android.support.FILE_PROVIDER_PATHS"
151-->src\main\AndroidManifest.xml:94:17-67
152                android:resource="@xml/file_paths" />
152-->src\main\AndroidManifest.xml:95:17-51
153        </provider>
154        <!--
155        Service for holding metadata. Cannot be instantiated.
156        Metadata will be merged from other manifests.
157        -->
158        <service
158-->[androidx.camera:camera-core:1.3.1] AndroidManifest.xml:29:9-33:78
159            android:name="androidx.camera.core.impl.MetadataHolderService"
159-->[androidx.camera:camera-core:1.3.1] AndroidManifest.xml:30:13-75
160            android:enabled="false"
160-->[androidx.camera:camera-core:1.3.1] AndroidManifest.xml:31:13-36
161            android:exported="false" >
161-->[androidx.camera:camera-core:1.3.1] AndroidManifest.xml:32:13-37
162            <meta-data
162-->[androidx.camera:camera-camera2:1.3.1] AndroidManifest.xml:30:13-32:89
163                android:name="androidx.camera.core.impl.MetadataHolderService.DEFAULT_CONFIG_PROVIDER"
163-->[androidx.camera:camera-camera2:1.3.1] AndroidManifest.xml:31:17-103
164                android:value="androidx.camera.camera2.Camera2Config$DefaultProvider" />
164-->[androidx.camera:camera-camera2:1.3.1] AndroidManifest.xml:32:17-86
165        </service>
166
167        <activity
167-->[com.google.android.libraries.places:places:3.3.0] AndroidManifest.xml:15:9-21:20
168            android:name="com.google.android.libraries.places.widget.AutocompleteActivity"
168-->[com.google.android.libraries.places:places:3.3.0] AndroidManifest.xml:16:13-91
169            android:exported="false"
169-->[com.google.android.libraries.places:places:3.3.0] AndroidManifest.xml:17:13-37
170            android:label="@string/places_autocomplete_label"
170-->[com.google.android.libraries.places:places:3.3.0] AndroidManifest.xml:18:13-62
171            android:theme="@style/PlacesAutocompleteOverlay"
171-->[com.google.android.libraries.places:places:3.3.0] AndroidManifest.xml:19:13-61
172            android:windowSoftInputMode="adjustResize" >
172-->[com.google.android.libraries.places:places:3.3.0] AndroidManifest.xml:20:13-55
173        </activity>
174        <activity
174-->[com.stripe:paymentsheet:20.25.0] AndroidManifest.xml:8:9-12:58
175            android:name="com.stripe.android.paymentsheet.PaymentSheetActivity"
175-->[com.stripe:paymentsheet:20.25.0] AndroidManifest.xml:9:13-80
176            android:exported="false"
176-->[com.stripe:paymentsheet:20.25.0] AndroidManifest.xml:10:13-37
177            android:theme="@style/StripePaymentSheetDefaultTheme"
177-->[com.stripe:paymentsheet:20.25.0] AndroidManifest.xml:11:13-66
178            android:windowSoftInputMode="adjustResize" />
178-->[com.stripe:paymentsheet:20.25.0] AndroidManifest.xml:12:13-55
179        <activity
179-->[com.stripe:paymentsheet:20.25.0] AndroidManifest.xml:13:9-17:58
180            android:name="com.stripe.android.paymentsheet.PaymentOptionsActivity"
180-->[com.stripe:paymentsheet:20.25.0] AndroidManifest.xml:14:13-82
181            android:exported="false"
181-->[com.stripe:paymentsheet:20.25.0] AndroidManifest.xml:15:13-37
182            android:theme="@style/StripePaymentSheetDefaultTheme"
182-->[com.stripe:paymentsheet:20.25.0] AndroidManifest.xml:16:13-66
183            android:windowSoftInputMode="adjustResize" />
183-->[com.stripe:paymentsheet:20.25.0] AndroidManifest.xml:17:13-55
184        <activity
184-->[com.stripe:paymentsheet:20.25.0] AndroidManifest.xml:18:9-21:69
185            android:name="com.stripe.android.paymentsheet.addresselement.AddressElementActivity"
185-->[com.stripe:paymentsheet:20.25.0] AndroidManifest.xml:19:13-97
186            android:exported="false"
186-->[com.stripe:paymentsheet:20.25.0] AndroidManifest.xml:20:13-37
187            android:theme="@style/StripePaymentSheetDefaultTheme" />
187-->[com.stripe:paymentsheet:20.25.0] AndroidManifest.xml:21:13-66
188        <activity
188-->[com.stripe:paymentsheet:20.25.0] AndroidManifest.xml:22:9-25:69
189            android:name="com.stripe.android.paymentsheet.paymentdatacollection.polling.PollingActivity"
189-->[com.stripe:paymentsheet:20.25.0] AndroidManifest.xml:23:13-105
190            android:exported="false"
190-->[com.stripe:paymentsheet:20.25.0] AndroidManifest.xml:24:13-37
191            android:theme="@style/StripePaymentSheetDefaultTheme" />
191-->[com.stripe:paymentsheet:20.25.0] AndroidManifest.xml:25:13-66
192        <activity
192-->[com.stripe:link:20.25.0] AndroidManifest.xml:8:9-13:58
193            android:name="com.stripe.android.link.LinkActivity"
193-->[com.stripe:link:20.25.0] AndroidManifest.xml:9:13-64
194            android:exported="false"
194-->[com.stripe:link:20.25.0] AndroidManifest.xml:10:13-37
195            android:label="@string/stripe_link"
195-->[com.stripe:link:20.25.0] AndroidManifest.xml:11:13-48
196            android:theme="@style/StripeLinkBaseTheme"
196-->[com.stripe:link:20.25.0] AndroidManifest.xml:12:13-55
197            android:windowSoftInputMode="adjustResize" />
197-->[com.stripe:link:20.25.0] AndroidManifest.xml:13:13-55
198        <activity
198-->[com.stripe:payments-ui-core:20.25.0] AndroidManifest.xml:8:9-11:69
199            android:name="com.stripe.android.ui.core.cardscan.CardScanActivity"
199-->[com.stripe:payments-ui-core:20.25.0] AndroidManifest.xml:9:13-80
200            android:exported="false"
200-->[com.stripe:payments-ui-core:20.25.0] AndroidManifest.xml:10:13-37
201            android:theme="@style/StripePaymentSheetDefaultTheme" />
201-->[com.stripe:payments-ui-core:20.25.0] AndroidManifest.xml:11:13-66
202        <activity
202-->[com.stripe:payments-core:20.25.0] AndroidManifest.xml:15:9-18:57
203            android:name="com.stripe.android.view.AddPaymentMethodActivity"
203-->[com.stripe:payments-core:20.25.0] AndroidManifest.xml:16:13-76
204            android:exported="false"
204-->[com.stripe:payments-core:20.25.0] AndroidManifest.xml:17:13-37
205            android:theme="@style/StripeDefaultTheme" />
205-->[com.stripe:payments-core:20.25.0] AndroidManifest.xml:18:13-54
206        <activity
206-->[com.stripe:payments-core:20.25.0] AndroidManifest.xml:19:9-22:57
207            android:name="com.stripe.android.view.PaymentMethodsActivity"
207-->[com.stripe:payments-core:20.25.0] AndroidManifest.xml:20:13-74
208            android:exported="false"
208-->[com.stripe:payments-core:20.25.0] AndroidManifest.xml:21:13-37
209            android:theme="@style/StripeDefaultTheme" />
209-->[com.stripe:payments-core:20.25.0] AndroidManifest.xml:22:13-54
210        <activity
210-->[com.stripe:payments-core:20.25.0] AndroidManifest.xml:23:9-26:57
211            android:name="com.stripe.android.view.PaymentFlowActivity"
211-->[com.stripe:payments-core:20.25.0] AndroidManifest.xml:24:13-71
212            android:exported="false"
212-->[com.stripe:payments-core:20.25.0] AndroidManifest.xml:25:13-37
213            android:theme="@style/StripeDefaultTheme" />
213-->[com.stripe:payments-core:20.25.0] AndroidManifest.xml:26:13-54
214        <activity
214-->[com.stripe:payments-core:20.25.0] AndroidManifest.xml:27:9-31:58
215            android:name="com.stripe.android.view.PaymentAuthWebViewActivity"
215-->[com.stripe:payments-core:20.25.0] AndroidManifest.xml:28:13-78
216            android:exported="false"
216-->[com.stripe:payments-core:20.25.0] AndroidManifest.xml:29:13-37
217            android:theme="@style/StripeDefaultTheme"
217-->[com.stripe:payments-core:20.25.0] AndroidManifest.xml:30:13-54
218            android:windowSoftInputMode="adjustResize" />
218-->[com.stripe:payments-core:20.25.0] AndroidManifest.xml:31:13-55
219        <activity
219-->[com.stripe:payments-core:20.25.0] AndroidManifest.xml:32:9-35:61
220            android:name="com.stripe.android.view.PaymentRelayActivity"
220-->[com.stripe:payments-core:20.25.0] AndroidManifest.xml:33:13-72
221            android:exported="false"
221-->[com.stripe:payments-core:20.25.0] AndroidManifest.xml:34:13-37
222            android:theme="@style/StripeTransparentTheme" />
222-->[com.stripe:payments-core:20.25.0] AndroidManifest.xml:35:13-58
223        <!--
224        Set android:launchMode="singleTop" so that the StripeBrowserLauncherActivity instance that
225        launched the browser Activity will also handle the return URL deep link.
226        -->
227        <activity
227-->[com.stripe:payments-core:20.25.0] AndroidManifest.xml:41:9-45:61
228            android:name="com.stripe.android.payments.StripeBrowserLauncherActivity"
228-->[com.stripe:payments-core:20.25.0] AndroidManifest.xml:42:13-85
229            android:exported="false"
229-->[com.stripe:payments-core:20.25.0] AndroidManifest.xml:43:13-37
230            android:launchMode="singleTask"
230-->[com.stripe:payments-core:20.25.0] AndroidManifest.xml:44:13-44
231            android:theme="@style/StripeTransparentTheme" />
231-->[com.stripe:payments-core:20.25.0] AndroidManifest.xml:45:13-58
232        <activity
232-->[com.stripe:payments-core:20.25.0] AndroidManifest.xml:46:9-63:20
233            android:name="com.stripe.android.payments.StripeBrowserProxyReturnActivity"
233-->[com.stripe:payments-core:20.25.0] AndroidManifest.xml:47:13-88
234            android:exported="true"
234-->[com.stripe:payments-core:20.25.0] AndroidManifest.xml:48:13-36
235            android:launchMode="singleTask"
235-->[com.stripe:payments-core:20.25.0] AndroidManifest.xml:49:13-44
236            android:theme="@style/StripeTransparentTheme" >
236-->[com.stripe:payments-core:20.25.0] AndroidManifest.xml:50:13-58
237            <intent-filter>
237-->[com.stripe:payments-core:20.25.0] AndroidManifest.xml:51:13-62:29
238                <action android:name="android.intent.action.VIEW" />
238-->src\main\AndroidManifest.xml:64:17-69
238-->src\main\AndroidManifest.xml:64:25-66
239
240                <category android:name="android.intent.category.DEFAULT" />
240-->src\main\AndroidManifest.xml:65:17-76
240-->src\main\AndroidManifest.xml:65:27-73
241                <category android:name="android.intent.category.BROWSABLE" />
241-->src\main\AndroidManifest.xml:66:17-78
241-->src\main\AndroidManifest.xml:66:27-75
242
243                <!-- Must match `DefaultReturnUrl#value`. -->
244                <data
244-->src\main\AndroidManifest.xml:67:17-52
245                    android:host="payment_return_url"
246                    android:path="/com.boattaxie.app"
247                    android:scheme="stripesdk" />
247-->src\main\AndroidManifest.xml:67:23-49
248            </intent-filter>
249        </activity>
250        <activity
250-->[com.stripe:payments-core:20.25.0] AndroidManifest.xml:64:9-67:57
251            android:name="com.stripe.android.payments.core.authentication.threeds2.Stripe3ds2TransactionActivity"
251-->[com.stripe:payments-core:20.25.0] AndroidManifest.xml:65:13-114
252            android:exported="false"
252-->[com.stripe:payments-core:20.25.0] AndroidManifest.xml:66:13-37
253            android:theme="@style/StripeDefaultTheme" />
253-->[com.stripe:payments-core:20.25.0] AndroidManifest.xml:67:13-54
254        <activity
254-->[com.stripe:payments-core:20.25.0] AndroidManifest.xml:68:9-71:66
255            android:name="com.stripe.android.googlepaylauncher.StripeGooglePayActivity"
255-->[com.stripe:payments-core:20.25.0] AndroidManifest.xml:69:13-88
256            android:exported="false"
256-->[com.stripe:payments-core:20.25.0] AndroidManifest.xml:70:13-37
257            android:theme="@style/StripeGooglePayDefaultTheme" />
257-->[com.stripe:payments-core:20.25.0] AndroidManifest.xml:71:13-63
258        <activity
258-->[com.stripe:payments-core:20.25.0] AndroidManifest.xml:72:9-75:66
259            android:name="com.stripe.android.googlepaylauncher.GooglePayLauncherActivity"
259-->[com.stripe:payments-core:20.25.0] AndroidManifest.xml:73:13-90
260            android:exported="false"
260-->[com.stripe:payments-core:20.25.0] AndroidManifest.xml:74:13-37
261            android:theme="@style/StripeGooglePayDefaultTheme" />
261-->[com.stripe:payments-core:20.25.0] AndroidManifest.xml:75:13-63
262        <activity
262-->[com.stripe:payments-core:20.25.0] AndroidManifest.xml:76:9-79:66
263            android:name="com.stripe.android.googlepaylauncher.GooglePayPaymentMethodLauncherActivity"
263-->[com.stripe:payments-core:20.25.0] AndroidManifest.xml:77:13-103
264            android:exported="false"
264-->[com.stripe:payments-core:20.25.0] AndroidManifest.xml:78:13-37
265            android:theme="@style/StripeGooglePayDefaultTheme" />
265-->[com.stripe:payments-core:20.25.0] AndroidManifest.xml:79:13-63
266        <activity
266-->[com.stripe:payments-core:20.25.0] AndroidManifest.xml:80:9-83:68
267            android:name="com.stripe.android.payments.paymentlauncher.PaymentLauncherConfirmationActivity"
267-->[com.stripe:payments-core:20.25.0] AndroidManifest.xml:81:13-107
268            android:exported="false"
268-->[com.stripe:payments-core:20.25.0] AndroidManifest.xml:82:13-37
269            android:theme="@style/StripePayLauncherDefaultTheme" />
269-->[com.stripe:payments-core:20.25.0] AndroidManifest.xml:83:13-65
270        <activity
270-->[com.stripe:payments-core:20.25.0] AndroidManifest.xml:84:9-87:61
271            android:name="com.stripe.android.payments.bankaccount.ui.CollectBankAccountActivity"
271-->[com.stripe:payments-core:20.25.0] AndroidManifest.xml:85:13-97
272            android:exported="false"
272-->[com.stripe:payments-core:20.25.0] AndroidManifest.xml:86:13-37
273            android:theme="@style/StripeTransparentTheme" /> <!-- Needs to be explicitly declared on P+ -->
273-->[com.stripe:payments-core:20.25.0] AndroidManifest.xml:87:13-58
274        <uses-library
274-->[com.google.android.gms:play-services-maps:18.2.0] AndroidManifest.xml:39:9-41:40
275            android:name="org.apache.http.legacy"
275-->[com.google.android.gms:play-services-maps:18.2.0] AndroidManifest.xml:40:13-50
276            android:required="false" />
276-->[com.google.android.gms:play-services-maps:18.2.0] AndroidManifest.xml:41:13-37
277
278        <service
278-->[com.google.firebase:firebase-firestore:24.10.0] AndroidManifest.xml:14:9-23:19
279            android:name="com.google.firebase.components.ComponentDiscoveryService"
279-->[com.google.firebase:firebase-firestore:24.10.0] AndroidManifest.xml:15:13-84
280            android:directBootAware="true"
280-->[com.google.firebase:firebase-common:20.4.2] AndroidManifest.xml:32:13-43
281            android:exported="false" >
281-->[com.google.firebase:firebase-firestore:24.10.0] AndroidManifest.xml:16:13-37
282            <meta-data
282-->[com.google.firebase:firebase-firestore:24.10.0] AndroidManifest.xml:17:13-19:85
283                android:name="com.google.firebase.components:com.google.firebase.firestore.FirebaseFirestoreKtxRegistrar"
283-->[com.google.firebase:firebase-firestore:24.10.0] AndroidManifest.xml:18:17-122
284                android:value="com.google.firebase.components.ComponentRegistrar" />
284-->[com.google.firebase:firebase-firestore:24.10.0] AndroidManifest.xml:19:17-82
285            <meta-data
285-->[com.google.firebase:firebase-firestore:24.10.0] AndroidManifest.xml:20:13-22:85
286                android:name="com.google.firebase.components:com.google.firebase.firestore.FirestoreRegistrar"
286-->[com.google.firebase:firebase-firestore:24.10.0] AndroidManifest.xml:21:17-111
287                android:value="com.google.firebase.components.ComponentRegistrar" />
287-->[com.google.firebase:firebase-firestore:24.10.0] AndroidManifest.xml:22:17-82
288            <meta-data
288-->[com.google.firebase:firebase-messaging:23.4.0] AndroidManifest.xml:57:13-59:85
289                android:name="com.google.firebase.components:com.google.firebase.messaging.FirebaseMessagingKtxRegistrar"